生成启动时间为 2015/12/23 9:58:23。
     1>项目“F:\cv_sample\levmar\levmar\levmar.vcxproj”在节点 2 上(Rebuild 个目标)。
     1>CustomBuild:
         Building Custom Rule F:/cv_sample/levmar/levmar/CMakeLists.txt
         CMake does not need to re-run because F:\cv_sample\levmar\levmar\CMakeFiles\generate.stamp is up-to-date.
       ClCompile:
         D:\Program Files (x86)\Microsoft Visual Studio 12.0\VC\bin\CL.exe /c /IF:\cv_sample\levmar\levmar /ID:\Qt\Qt5.4.1\5.4\msvc2013_opengl\include /I"D:\Program Files (x86)\Tesseract-OCR\include\leptonica" /I"D:\Program Files (x86)\Tesseract-OCR\include" /Zi /nologo /W3 /WX- /Od /Ob0 /Oy- /D WIN32 /D _WINDOWS /D _DEBUG /D "CMAKE_INTDIR=\"Debug\"" /D _MBCS /Gm- /RTC1 /MDd /GS /fp:precise /Zc:wchar_t /Zc:forScope /Fo"levmar.dir\Debug\\" /Fd"levmar.dir\Debug\vc120.pdb" /Gd /TC /analyze- /errorReport:prompt lm.c Axb.c misc.c lmlec.c lmbc.c lmblec.c lmbleic.c
         lm.c
         Axb.c
         misc.c
         LAPACK not available, LU will be used for matrix inversion when computing the covariance; this might be unstable at times
         LAPACK not available, LU will be used for matrix inversion when computing the covariance; this might be unstable at times
         lmlec.c
         Linearly constrained optimization requires LAPACK and was not compiled!
         lmbc.c
         lmblec.c
         Combined box and linearly constrained optimization requires LAPACK and was not compiled!
         lmbleic.c
         Linear inequalities constrained optimization requires LAPACK and was not compiled!
         正在生成代码...
       Lib:
         D:\Program Files (x86)\Microsoft Visual Studio 12.0\VC\bin\Lib.exe /OUT:"F:\cv_sample\levmar\levmar\Debug\levmar.lib" /NOLOGO levmar.dir\Debug\lm.obj
         levmar.dir\Debug\Axb.obj
         levmar.dir\Debug\misc.obj
         levmar.dir\Debug\lmlec.obj
         levmar.dir\Debug\lmbc.obj
         levmar.dir\Debug\lmblec.obj
         levmar.dir\Debug\lmbleic.obj
         levmar.vcxproj -> F:\cv_sample\levmar\levmar\Debug\levmar.lib
     1>已完成生成项目“F:\cv_sample\levmar\levmar\levmar.vcxproj”(Rebuild 个目标)的操作。

生成成功。

已用时间 00:00:01.54
