生成启动时间为 2015/12/16 16:16:51。
     1>项目“F:\cv_sample\split\split\split.vcxproj”在节点 2 上(Build 个目标)。
     1>ClCompile:
         D:\Program Files (x86)\Microsoft Visual Studio 12.0\VC\bin\CL.exe /c /ID:\Qt\Qt5.4.1\5.4\msvc2013_opengl\include /I"D:\Program Files (x86)\Tesseract-OCR\include\leptonica" /I"D:\Program Files (x86)\Tesseract-OCR\include" /ZI /nologo /W3 /WX- /sdl /Od /Oy- /D WIN32 /D _DEBUG /D _CONSOLE /D _LIB /D _UNICODE /D UNICODE /Gm /EHsc /RTC1 /MDd /GS /fp:precise /Zc:wchar_t /Zc:forScope /Fo"Debug\\" /Fd"Debug\vc120.pdb" /Gd /TP /analyze- /errorReport:prompt sobel.cpp
         sobel.cpp
     1>f:\cv_sample\split\split\sobel.cpp(61): warning C4244: “参数”: 从“float”转换到“int”，可能丢失数据
     1>f:\cv_sample\split\split\sobel.cpp(63): warning C4244: “初始化”: 从“double”转换到“float”，可能丢失数据
     1>f:\cv_sample\split\split\sobel.cpp(76): warning C4244: “初始化”: 从“double”转换到“int”，可能丢失数据
     1>f:\cv_sample\split\split\sobel.cpp(77): warning C4244: “初始化”: 从“double”转换到“int”，可能丢失数据
     1>f:\cv_sample\split\split\sobel.cpp(78): warning C4244: “参数”: 从“float”转换到“int”，可能丢失数据
     1>f:\cv_sample\split\split\sobel.cpp(78): warning C4244: “参数”: 从“double”转换到“int”，可能丢失数据
     1>f:\cv_sample\split\split\sobel.cpp(79): warning C4244: “参数”: 从“float”转换到“int”，可能丢失数据
     1>f:\cv_sample\split\split\sobel.cpp(79): warning C4244: “参数”: 从“double”转换到“int”，可能丢失数据
     1>f:\cv_sample\split\split\sobel.cpp(84): warning C4244: “初始化”: 从“double”转换到“int”，可能丢失数据
     1>f:\cv_sample\split\split\sobel.cpp(85): warning C4244: “初始化”: 从“double”转换到“int”，可能丢失数据
     1>f:\cv_sample\split\split\sobel.cpp(212): warning C4244: “参数”: 从“float”转换到“int”，可能丢失数据
     1>f:\cv_sample\split\split\sobel.cpp(351): warning C4244: “参数”: 从“float”转换到“int”，可能丢失数据
       Link:
         D:\Program Files (x86)\Microsoft Visual Studio 12.0\VC\bin\link.exe /ERRORREPORT:PROMPT /OUT:"F:\cv_sample\split\Debug\split.exe" /INCREMENTAL /NOLOGO opencv_calib3d2411d.lib opencv_contrib2411d.lib opencv_core2411d.lib opencv_features2d2411d.lib opencv_flann2411d.lib opencv_gpu2411d.lib opencv_highgui2411d.lib opencv_imgproc2411d.lib opencv_legacy2411d.lib opencv_ml2411d.lib opencv_nonfree2411d.lib opencv_objdetect2411d.lib opencv_ocl2411d.lib opencv_photo2411d.lib opencv_stitching2411d.lib opencv_superres2411d.lib opencv_ts2411d.lib opencv_video2411d.lib opencv_videostab2411d.lib kernel32.lib user32.lib gdi32.lib winspool.lib comdlg32.lib advapi32.lib shell32.lib ole32.lib oleaut32.lib uuid.lib odbc32.lib odbccp32.lib /MANIFEST /MANIFESTUAC:"level='asInvoker' uiAccess='false'" /manifest:embed /DEBUG /PDB:"F:\cv_sample\split\Debug\split.pdb" /SUBSYSTEM:CONSOLE /TLBID:1 /DYNAMICBASE /NXCOMPAT /IMPLIB:"F:\cv_sample\split\Debug\split.lib" /MACHINE:X86 Debug\canny.obj
         Debug\findcircle.obj
         Debug\sobel.obj
         Debug\solvePnP.obj
         Debug\split.obj
         split.vcxproj -> F:\cv_sample\split\Debug\split.exe
     1>已完成生成项目“F:\cv_sample\split\split\split.vcxproj”(Build 个目标)的操作。

生成成功。

已用时间 00:00:03.48
